This is pdfTeX, Version 3.14159265-2.6-1.40.20 (TeX Live 2019/Debian) (preloaded format=pdflatex 2024.5.29)  25 OCT 2024 07:35
entering extended mode
 restricted \write18 enabled.
 %&-line parsing enabled.
**Diario_de_clase.tex
(./Diario_de_clase.tex
LaTeX2e <2020-02-02> patch level 2
L3 programming layer <2020-02-14>
(/usr/share/texlive/texmf-dist/tex/latex/base/article.cls
Document Class: article 2019/12/20 v1.4l Standard LaTeX document class
(/usr/share/texlive/texmf-dist/tex/latex/base/size12.clo
File: size12.clo 2019/12/20 v1.4l Standard LaTeX file (size option)
)
\c@part=\count167
\c@section=\count168
\c@subsection=\count169
\c@subsubsection=\count170
\c@paragraph=\count171
\c@subparagraph=\count172
\c@figure=\count173
\c@table=\count174
\abovecaptionskip=\skip47
\belowcaptionskip=\skip48
\bibindent=\dimen134
)
(/usr/share/texlive/texmf-dist/tex/latex/base/inputenc.sty
Package: inputenc 2018/08/11 v1.3c Input encoding file
\inpenc@prehook=\toks14
\inpenc@posthook=\toks15
)
(/usr/share/texlive/texmf-dist/tex/latex/xcolor/xcolor.sty
Package: xcolor 2016/05/11 v2.12 LaTeX color extensions (UK)

(/usr/share/texlive/texmf-dist/tex/latex/graphics-cfg/color.cfg
File: color.cfg 2016/01/02 v1.6 sample color configuration
)
Package xcolor Info: Driver file: pdftex.def on input line 225.

(/usr/share/texlive/texmf-dist/tex/latex/graphics-def/pdftex.def
File: pdftex.def 2018/01/08 v1.0l Graphics/color driver for pdftex
)
(/usr/share/texlive/texmf-dist/tex/latex/colortbl/colortbl.sty
Package: colortbl 2020/01/04 v1.0e Color table columns (DPC)

(/usr/share/texlive/texmf-dist/tex/latex/tools/array.sty
Package: array 2019/08/31 v2.4l Tabular extension package (FMi)
\col@sep=\dimen135
\ar@mcellbox=\box45
\extrarowheight=\dimen136
\NC@list=\toks16
\extratabsurround=\skip49
\backup@length=\skip50
\ar@cellbox=\box46
)
\everycr=\toks17
\minrowclearance=\skip51
)
\rownum=\count175
Package xcolor Info: Model `cmy' substituted by `cmy0' on input line 1348.
Package xcolor Info: Model `hsb' substituted by `rgb' on input line 1352.
Package xcolor Info: Model `RGB' extended on input line 1364.
Package xcolor Info: Model `HTML' substituted by `rgb' on input line 1366.
Package xcolor Info: Model `Hsb' substituted by `hsb' on input line 1367.
Package xcolor Info: Model `tHsb' substituted by `hsb' on input line 1368.
Package xcolor Info: Model `HSB' substituted by `hsb' on input line 1369.
Package xcolor Info: Model `Gray' substituted by `gray' on input line 1370.
Package xcolor Info: Model `wave' substituted by `hsb' on input line 1371.

(/usr/share/texlive/texmf-dist/tex/latex/xcolor/x11nam.def
File: x11nam.def 2016/05/11 v2.12 Predefined colors according to Unix/X11 (UK)
))
(/usr/share/texlive/texmf-dist/tex/latex/graphics/graphicx.sty
Package: graphicx 2019/11/30 v1.2a Enhanced LaTeX Graphics (DPC,SPQR)

(/usr/share/texlive/texmf-dist/tex/latex/graphics/keyval.sty
Package: keyval 2014/10/28 v1.15 key=value parser (DPC)
\KV@toks@=\toks18
)
(/usr/share/texlive/texmf-dist/tex/latex/graphics/graphics.sty
Package: graphics 2019/11/30 v1.4a Standard LaTeX Graphics (DPC,SPQR)

(/usr/share/texlive/texmf-dist/tex/latex/graphics/trig.sty
Package: trig 2016/01/03 v1.10 sin cos tan (DPC)
)
(/usr/share/texlive/texmf-dist/tex/latex/graphics-cfg/graphics.cfg
File: graphics.cfg 2016/06/04 v1.11 sample graphics configuration
)
Package graphics Info: Driver file: pdftex.def on input line 105.
)
\Gin@req@height=\dimen137
\Gin@req@width=\dimen138
)
(/usr/share/texlive/texmf-dist/tex/latex/transparent/transparent.sty
Package: transparent 2019/11/29 v1.4 Transparency via pdfTeX's color stack (HO)


(/usr/share/texlive/texmf-dist/tex/generic/iftex/iftex.sty
Package: iftex 2019/11/07 v1.0c TeX engine tests
)
(/usr/share/texlive/texmf-dist/tex/latex/auxhook/auxhook.sty
Package: auxhook 2019-12-17 v1.6 Hooks for auxiliary files (HO)
))
(/usr/share/texlive/texmf-dist/tex/latex/fancyhdr/fancyhdr.sty
Package: fancyhdr 2019/01/31 v3.10 Extensive control of page headers and footer
s
\f@nch@headwidth=\skip52
\f@nch@O@elh=\skip53
\f@nch@O@erh=\skip54
\f@nch@O@olh=\skip55
\f@nch@O@orh=\skip56
\f@nch@O@elf=\skip57
\f@nch@O@erf=\skip58
\f@nch@O@olf=\skip59
\f@nch@O@orf=\skip60
)
(/usr/share/texlive/texmf-dist/tex/latex/geometry/geometry.sty
Package: geometry 2020/01/02 v5.9 Page Geometry

(/usr/share/texlive/texmf-dist/tex/generic/iftex/ifvtex.sty
Package: ifvtex 2019/10/25 v1.7 ifvtex legacy package. Use iftex instead.
)
\Gm@cnth=\count176
\Gm@cntv=\count177
\c@Gm@tempcnt=\count178
\Gm@bindingoffset=\dimen139
\Gm@wd@mp=\dimen140
\Gm@odd@mp=\dimen141
\Gm@even@mp=\dimen142
\Gm@layoutwidth=\dimen143
\Gm@layoutheight=\dimen144
\Gm@layouthoffset=\dimen145
\Gm@layoutvoffset=\dimen146
\Gm@dimlist=\toks19
)
(/usr/share/texlive/texmf-dist/tex/latex/lastpage/lastpage.sty
Package: lastpage 2015/03/29 v1.2m Refers to last page's name (HMM; JPG)
)
(/usr/share/texlive/texmf-dist/tex/latex/textpos/textpos.sty
Package: textpos 2019/04/15 v1.9.1

Package: textpos 2019/04/15 1.9.1, absolute positioning of text on the page
(/usr/share/texlive/texmf-dist/tex/latex/ms/everyshi.sty
Package: everyshi 2001/05/15 v3.00 EveryShipout Package (MS)
)
\TP@textbox=\box47
\TP@holdbox=\box48
\TPHorizModule=\dimen147
\TPVertModule=\dimen148
\TP@margin=\dimen149
\TP@absmargin=\dimen150

Grid set 16 x 16 = 37.34424pt x 52.81541pt
\TPboxrulesize=\dimen151
\TP@ox=\dimen152
\TP@oy=\dimen153
\TP@tbargs=\toks20
\TP@prevdepth=\dimen154
TextBlockOrigin set to 0pt x 0pt
) (/usr/share/texlive/texmf-dist/tex/generic/atbegshi/atbegshi.sty
Package: atbegshi 2019/12/05 v1.19 At begin shipout hook (HO)

(/usr/share/texlive/texmf-dist/tex/generic/infwarerr/infwarerr.sty
Package: infwarerr 2019/12/03 v1.5 Providing info/warning/error messages (HO)
)
(/usr/share/texlive/texmf-dist/tex/generic/ltxcmds/ltxcmds.sty
Package: ltxcmds 2019/12/15 v1.24 LaTeX kernel commands for general use (HO)
))
(/usr/share/texlive/texmf-dist/tex/latex/eso-pic/eso-pic.sty
Package: eso-pic 2018/04/12 v2.0h eso-pic (RN)
)
(/usr/share/texlive/texmf-dist/tex/latex/tools/longtable.sty
Package: longtable 2020/01/07 v4.13 Multi-page Table package (DPC)
\LTleft=\skip61
\LTright=\skip62
\LTpre=\skip63
\LTpost=\skip64
\LTchunksize=\count179
\LTcapwidth=\dimen155
\LT@head=\box49
\LT@firsthead=\box50
\LT@foot=\box51
\LT@lastfoot=\box52
\LT@cols=\count180
\LT@rows=\count181
\c@LT@tables=\count182
\c@LT@chunks=\count183
\LT@p@ftn=\toks21
)
(/usr/share/texlive/texmf-dist/tex/latex/multirow/multirow.sty
Package: multirow 2019/05/31 v2.5 Span multiple rows of a table
\multirow@colwidth=\skip65
\multirow@cntb=\count184
\multirow@dima=\skip66
\bigstrutjot=\dimen156
)
(/usr/share/texlive/texmf-dist/tex/latex/tools/multicol.sty
Package: multicol 2019/12/09 v1.8y multicolumn formatting (FMi)
\c@tracingmulticols=\count185
\mult@box=\box53
\multicol@leftmargin=\dimen157
\c@unbalance=\count186
\c@collectmore=\count187
\doublecol@number=\count188
\multicoltolerance=\count189
\multicolpretolerance=\count190
\full@width=\dimen158
\page@free=\dimen159
\premulticols=\dimen160
\postmulticols=\dimen161
\multicolsep=\skip67
\multicolbaselineskip=\skip68
\partial@page=\box54
\last@line=\box55
\maxbalancingoverflow=\dimen162
\mult@rightbox=\box56
\mult@grightbox=\box57
\mult@gfirstbox=\box58
\mult@firstbox=\box59
\@tempa=\box60
\@tempa=\box61
\@tempa=\box62
\@tempa=\box63
\@tempa=\box64
\@tempa=\box65
\@tempa=\box66
\@tempa=\box67
\@tempa=\box68
\@tempa=\box69
\@tempa=\box70
\@tempa=\box71
\@tempa=\box72
\@tempa=\box73
\@tempa=\box74
\@tempa=\box75
\@tempa=\box76
\@tempa=\box77
\@tempa=\box78
\@tempa=\box79
\@tempa=\box80
\@tempa=\box81
\@tempa=\box82
\@tempa=\box83
\@tempa=\box84
\@tempa=\box85
\@tempa=\box86
\@tempa=\box87
\@tempa=\box88
\@tempa=\box89
\@tempa=\box90
\@tempa=\box91
\@tempa=\box92
\@tempa=\box93
\@tempa=\box94
\@tempa=\box95
\@tempa=\box96
\c@minrows=\count191
\c@columnbadness=\count192
\c@finalcolumnbadness=\count193
\last@try=\dimen163
\multicolovershoot=\dimen164
\multicolundershoot=\dimen165
\mult@nat@firstbox=\box97
\colbreak@box=\box98
\mc@col@check@num=\count194
)
(/usr/share/texlive/texmf-dist/tex/latex/hyperref/hyperref.sty
Package: hyperref 2020/01/14 v7.00d Hypertext links for LaTeX

(/usr/share/texlive/texmf-dist/tex/latex/pdftexcmds/pdftexcmds.sty
Package: pdftexcmds 2019/11/24 v0.31 Utility functions of pdfTeX for LuaTeX (HO
)
Package pdftexcmds Info: \pdf@primitive is available.
Package pdftexcmds Info: \pdf@ifprimitive is available.
Package pdftexcmds Info: \pdfdraftmode found.
)
(/usr/share/texlive/texmf-dist/tex/generic/kvsetkeys/kvsetkeys.sty
Package: kvsetkeys 2019/12/15 v1.18 Key value parser (HO)
)
(/usr/share/texlive/texmf-dist/tex/generic/kvdefinekeys/kvdefinekeys.sty
Package: kvdefinekeys 2019-12-19 v1.6 Define keys (HO)
)
(/usr/share/texlive/texmf-dist/tex/generic/pdfescape/pdfescape.sty
Package: pdfescape 2019/12/09 v1.15 Implements pdfTeX's escape features (HO)
)
(/usr/share/texlive/texmf-dist/tex/latex/hycolor/hycolor.sty
Package: hycolor 2020-01-27 v1.10 Color options for hyperref/bookmark (HO)
)
(/usr/share/texlive/texmf-dist/tex/latex/letltxmacro/letltxmacro.sty
Package: letltxmacro 2019/12/03 v1.6 Let assignment for LaTeX macros (HO)
)
(/usr/share/texlive/texmf-dist/tex/latex/kvoptions/kvoptions.sty
Package: kvoptions 2019/11/29 v3.13 Key value format for package options (HO)
)
\@linkdim=\dimen166
\Hy@linkcounter=\count195
\Hy@pagecounter=\count196

(/usr/share/texlive/texmf-dist/tex/latex/hyperref/pd1enc.def
File: pd1enc.def 2020/01/14 v7.00d Hyperref: PDFDocEncoding definition (HO)
Now handling font encoding PD1 ...
... no UTF-8 mapping file for font encoding PD1
)
(/usr/share/texlive/texmf-dist/tex/generic/intcalc/intcalc.sty
Package: intcalc 2019/12/15 v1.3 Expandable calculations with integers (HO)
)
(/usr/share/texlive/texmf-dist/tex/generic/etexcmds/etexcmds.sty
Package: etexcmds 2019/12/15 v1.7 Avoid name clashes with e-TeX commands (HO)
)
\Hy@SavedSpaceFactor=\count197
\pdfmajorversion=\count198
Package hyperref Info: Hyper figures OFF on input line 4547.
Package hyperref Info: Link nesting OFF on input line 4552.
Package hyperref Info: Hyper index ON on input line 4555.
Package hyperref Info: Plain pages OFF on input line 4562.
Package hyperref Info: Backreferencing OFF on input line 4567.
Package hyperref Info: Implicit mode ON; LaTeX internals redefined.
Package hyperref Info: Bookmarks ON on input line 4800.
\c@Hy@tempcnt=\count199

(/usr/share/texlive/texmf-dist/tex/latex/url/url.sty
\Urlmuskip=\muskip16
Package: url 2013/09/16  ver 3.4  Verb mode for urls, etc.
)
LaTeX Info: Redefining \url on input line 5159.
\XeTeXLinkMargin=\dimen167

(/usr/share/texlive/texmf-dist/tex/generic/bitset/bitset.sty
Package: bitset 2019/12/09 v1.3 Handle bit-vector datatype (HO)

(/usr/share/texlive/texmf-dist/tex/generic/bigintcalc/bigintcalc.sty
Package: bigintcalc 2019/12/15 v1.5 Expandable calculations on big integers (HO
)
))
\Fld@menulength=\count266
\Field@Width=\dimen168
\Fld@charsize=\dimen169
Package hyperref Info: Hyper figures OFF on input line 6430.
Package hyperref Info: Link nesting OFF on input line 6435.
Package hyperref Info: Hyper index ON on input line 6438.
Package hyperref Info: backreferencing OFF on input line 6445.
Package hyperref Info: Link coloring OFF on input line 6450.
Package hyperref Info: Link coloring with OCG OFF on input line 6455.
Package hyperref Info: PDF/A mode OFF on input line 6460.
LaTeX Info: Redefining \ref on input line 6500.
LaTeX Info: Redefining \pageref on input line 6504.
\Hy@abspage=\count267
\c@Item=\count268
\c@Hfootnote=\count269
)
Package hyperref Info: Driver (autodetected): hpdftex.

(/usr/share/texlive/texmf-dist/tex/latex/hyperref/hpdftex.def
File: hpdftex.def 2020/01/14 v7.00d Hyperref driver for pdfTeX

(/usr/share/texlive/texmf-dist/tex/latex/atveryend/atveryend.sty
Package: atveryend 2019-12-11 v1.11 Hooks at the very end of document (HO)
Package atveryend Info: \enddocument detected (standard20110627).
)
\Fld@listcount=\count270
\c@bookmark@seq@number=\count271

(/usr/share/texlive/texmf-dist/tex/latex/rerunfilecheck/rerunfilecheck.sty
Package: rerunfilecheck 2019/12/05 v1.9 Rerun checks for auxiliary files (HO)

(/usr/share/texlive/texmf-dist/tex/generic/uniquecounter/uniquecounter.sty
Package: uniquecounter 2019/12/15 v1.4 Provide unlimited unique counter (HO)
)
Package uniquecounter Info: New unique counter `rerunfilecheck' on input line 2
86.
)
\Hy@SectionHShift=\skip69
)
(/usr/share/texlive/texmf-dist/tex/latex/l3backend/l3backend-pdfmode.def
File: l3backend-pdfmode.def 2020-02-03 L3 backend support: PDF mode
\l__kernel_color_stack_int=\count272
\l__pdf_internal_box=\box99
)
(./Diario_de_clase.aux)
\openout1 = `Diario_de_clase.aux'.

LaTeX Font Info:    Checking defaults for OML/cmm/m/it on input line 78.
LaTeX Font Info:    ... okay on input line 78.
LaTeX Font Info:    Checking defaults for OMS/cmsy/m/n on input line 78.
LaTeX Font Info:    ... okay on input line 78.
LaTeX Font Info:    Checking defaults for OT1/cmr/m/n on input line 78.
LaTeX Font Info:    ... okay on input line 78.
LaTeX Font Info:    Checking defaults for T1/cmr/m/n on input line 78.
LaTeX Font Info:    ... okay on input line 78.
LaTeX Font Info:    Checking defaults for TS1/cmr/m/n on input line 78.
LaTeX Font Info:    ... okay on input line 78.
LaTeX Font Info:    Checking defaults for OMX/cmex/m/n on input line 78.
LaTeX Font Info:    ... okay on input line 78.
LaTeX Font Info:    Checking defaults for U/cmr/m/n on input line 78.
LaTeX Font Info:    ... okay on input line 78.
LaTeX Font Info:    Checking defaults for PD1/pdf/m/n on input line 78.
LaTeX Font Info:    ... okay on input line 78.

(/usr/share/texlive/texmf-dist/tex/context/base/mkii/supp-pdf.mkii
[Loading MPS to PDF converter (version 2006.09.02).]
\scratchcounter=\count273
\scratchdimen=\dimen170
\scratchbox=\box100
\nofMPsegments=\count274
\nofMParguments=\count275
\everyMPshowfont=\toks22
\MPscratchCnt=\count276
\MPscratchDim=\dimen171
\MPnumerator=\count277
\makeMPintoPDFobject=\count278
\everyMPtoPDFconversion=\toks23
) (/usr/share/texlive/texmf-dist/tex/latex/epstopdf-pkg/epstopdf-base.sty
Package: epstopdf-base 2020-01-24 v2.11 Base part for package epstopdf
Package epstopdf-base Info: Redefining graphics rule for `.eps' on input line 4
85.

(/usr/share/texlive/texmf-dist/tex/latex/latexconfig/epstopdf-sys.cfg
File: epstopdf-sys.cfg 2010/07/13 v1.3 Configuration of (r)epstopdf for TeX Liv
e
))
*geometry* driver: auto-detecting
*geometry* detected driver: pdftex
*geometry* verbose mode - [ preamble ] result:
* driver: pdftex
* paper: a4paper
* layout: <same size as paper>
* layoutoffset:(h,v)=(0.0pt,0.0pt)
* modes: 
* h-part:(L,W,R)=(56.9055pt, 483.69687pt, 56.9055pt)
* v-part:(T,H,B)=(56.9055pt, 651.56804pt, 136.5733pt)
* \paperwidth=597.50787pt
* \paperheight=845.04684pt
* \textwidth=483.69687pt
* \textheight=651.56804pt
* \oddsidemargin=-15.36449pt
* \evensidemargin=-15.36449pt
* \topmargin=-52.36449pt
* \headheight=70.0pt
* \headsep=25.0pt
* \topskip=12.0pt
* \footskip=14.5pt
* \marginparwidth=35.0pt
* \marginparsep=10.0pt
* \columnsep=10.0pt
* \skip\footins=10.8pt plus 4.0pt minus 2.0pt
* \hoffset=0.0pt
* \voffset=0.0pt
* \mag=1000
* \@twocolumnfalse
* \@twosidefalse
* \@mparswitchfalse
* \@reversemarginfalse
* (1in=72.27pt=25.4mm, 1cm=28.453pt)

Package lastpage Info: Please have a look at the pageslts package at
(lastpage)             https://www.ctan.org/pkg/pageslts
(lastpage)             ! on input line 78.
ABD: EveryShipout initializing macros
\AtBeginShipoutBox=\box101
Package hyperref Info: Link coloring OFF on input line 78.

(/usr/share/texlive/texmf-dist/tex/latex/hyperref/nameref.sty
Package: nameref 2019/09/16 v2.46 Cross-referencing by name of section

(/usr/share/texlive/texmf-dist/tex/latex/refcount/refcount.sty
Package: refcount 2019/12/15 v3.6 Data extraction from label references (HO)
)
(/usr/share/texlive/texmf-dist/tex/generic/gettitlestring/gettitlestring.sty
Package: gettitlestring 2019/12/15 v1.6 Cleanup title references (HO)
)
\c@section@level=\count279
)
LaTeX Info: Redefining \ref on input line 78.
LaTeX Info: Redefining \pageref on input line 78.
LaTeX Info: Redefining \nameref on input line 78.

(./Diario_de_clase.out) (./Diario_de_clase.out)
\@outlinefile=\write3
\openout3 = `Diario_de_clase.out'.

 (./Diario_de_clase.toc
LaTeX Font Info:    External font `cmex10' loaded for size
(Font)              <12> on input line 1.
LaTeX Font Info:    External font `cmex10' loaded for size
(Font)              <8> on input line 1.
LaTeX Font Info:    External font `cmex10' loaded for size
(Font)              <6> on input line 1.
<imagenes/logo_cole_transp.png, id=98, 437.4744pt x 433.62pt>
File: imagenes/logo_cole_transp.png Graphic file (type png)
<use imagenes/logo_cole_transp.png>
Package pdftex.def Info: imagenes/logo_cole_transp.png  used on input line 19.
(pdftex.def)             Requested size: 50.43866pt x 50.0pt.

Overfull \hbox (7.75954pt too wide) has occurred while \output is active
[][] 
 []

<imagenes/europa.png, id=100, 505.6491pt x 250.7769pt>
File: imagenes/europa.png Graphic file (type png)
<use imagenes/europa.png>
Package pdftex.def Info: imagenes/europa.png  used on input line 19.
(pdftex.def)             Requested size: 100.81168pt x 50.0pt.

Overfull \hbox (58.13255pt too wide) has occurred while \output is active
[][]
 []

<imagenes/junta.png, id=101, 578.4009pt x 151.0443pt>
File: imagenes/junta.png Graphic file (type png)
<use imagenes/junta.png>
Package pdftex.def Info: imagenes/junta.png  used on input line 19.
(pdftex.def)             Requested size: 114.87498pt x 30.0pt.

Overfull \hbox (43.7431pt too wide) has occurred while \output is active
[][]
 []


Overfull \hbox (42.67914pt too wide) has occurred while \output is active
[]
 []

<imagenes/escudo.png, id=103, 186.6975pt x 272.01625pt>
File: imagenes/escudo.png Graphic file (type png)
<use imagenes/escudo.png>
Package pdftex.def Info: imagenes/escudo.png  used on input line 19.
(pdftex.def)             Requested size: 68.63542pt x 100.0pt.
[1{/var/lib/texmf/fonts/map/pdftex/updmap/pdftex.map}

 <./imagenes/escudo.png> <./imagenes/logo_cole_transp.png> <./imagenes/europa.p
ng> <./imagenes/junta.png>])
\tf@toc=\write4
\openout4 = `Diario_de_clase.toc'.

File: imagenes/logo_cole_transp.png Graphic file (type png)
<use imagenes/logo_cole_transp.png>
Package pdftex.def Info: imagenes/logo_cole_transp.png  used on input line 86.
(pdftex.def)             Requested size: 50.43866pt x 50.0pt.

Overfull \hbox (7.75954pt too wide) has occurred while \output is active
[][] 
 []

File: imagenes/europa.png Graphic file (type png)
<use imagenes/europa.png>
Package pdftex.def Info: imagenes/europa.png  used on input line 86.
(pdftex.def)             Requested size: 100.81168pt x 50.0pt.

Overfull \hbox (58.13255pt too wide) has occurred while \output is active
[][]
 []

File: imagenes/junta.png Graphic file (type png)
<use imagenes/junta.png>
Package pdftex.def Info: imagenes/junta.png  used on input line 86.
(pdftex.def)             Requested size: 114.87498pt x 30.0pt.

Overfull \hbox (43.7431pt too wide) has occurred while \output is active
[][]
 []


Overfull \hbox (42.67914pt too wide) has occurred while \output is active
[]
 []

File: imagenes/escudo.png Graphic file (type png)
<use imagenes/escudo.png>
Package pdftex.def Info: imagenes/escudo.png  used on input line 86.
(pdftex.def)             Requested size: 68.63542pt x 100.0pt.
[2]
File: imagenes/logo_cole_transp.png Graphic file (type png)
<use imagenes/logo_cole_transp.png>
Package pdftex.def Info: imagenes/logo_cole_transp.png  used on input line 136.

(pdftex.def)             Requested size: 50.43866pt x 50.0pt.

Overfull \hbox (7.75954pt too wide) has occurred while \output is active
[][] 
 []

File: imagenes/europa.png Graphic file (type png)
<use imagenes/europa.png>
Package pdftex.def Info: imagenes/europa.png  used on input line 136.
(pdftex.def)             Requested size: 100.81168pt x 50.0pt.

Overfull \hbox (58.13255pt too wide) has occurred while \output is active
[][]
 []

File: imagenes/junta.png Graphic file (type png)
<use imagenes/junta.png>
Package pdftex.def Info: imagenes/junta.png  used on input line 136.
(pdftex.def)             Requested size: 114.87498pt x 30.0pt.

Overfull \hbox (43.7431pt too wide) has occurred while \output is active
[][]
 []


Overfull \hbox (42.67914pt too wide) has occurred while \output is active
[]
 []

File: imagenes/escudo.png Graphic file (type png)
<use imagenes/escudo.png>
Package pdftex.def Info: imagenes/escudo.png  used on input line 136.
(pdftex.def)             Requested size: 68.63542pt x 100.0pt.
[3]
File: imagenes/logo_cole_transp.png Graphic file (type png)
<use imagenes/logo_cole_transp.png>
Package pdftex.def Info: imagenes/logo_cole_transp.png  used on input line 179.

(pdftex.def)             Requested size: 50.43866pt x 50.0pt.

Overfull \hbox (7.75954pt too wide) has occurred while \output is active
[][] 
 []

File: imagenes/europa.png Graphic file (type png)
<use imagenes/europa.png>
Package pdftex.def Info: imagenes/europa.png  used on input line 179.
(pdftex.def)             Requested size: 100.81168pt x 50.0pt.

Overfull \hbox (58.13255pt too wide) has occurred while \output is active
[][]
 []

File: imagenes/junta.png Graphic file (type png)
<use imagenes/junta.png>
Package pdftex.def Info: imagenes/junta.png  used on input line 179.
(pdftex.def)             Requested size: 114.87498pt x 30.0pt.

Overfull \hbox (43.7431pt too wide) has occurred while \output is active
[][]
 []


Overfull \hbox (42.67914pt too wide) has occurred while \output is active
[]
 []

File: imagenes/escudo.png Graphic file (type png)
<use imagenes/escudo.png>
Package pdftex.def Info: imagenes/escudo.png  used on input line 179.
(pdftex.def)             Requested size: 68.63542pt x 100.0pt.
[4]
File: imagenes/logo_cole_transp.png Graphic file (type png)
<use imagenes/logo_cole_transp.png>
Package pdftex.def Info: imagenes/logo_cole_transp.png  used on input line 222.

(pdftex.def)             Requested size: 50.43866pt x 50.0pt.

Overfull \hbox (7.75954pt too wide) has occurred while \output is active
[][] 
 []

File: imagenes/europa.png Graphic file (type png)
<use imagenes/europa.png>
Package pdftex.def Info: imagenes/europa.png  used on input line 222.
(pdftex.def)             Requested size: 100.81168pt x 50.0pt.

Overfull \hbox (58.13255pt too wide) has occurred while \output is active
[][]
 []

File: imagenes/junta.png Graphic file (type png)
<use imagenes/junta.png>
Package pdftex.def Info: imagenes/junta.png  used on input line 222.
(pdftex.def)             Requested size: 114.87498pt x 30.0pt.

Overfull \hbox (43.7431pt too wide) has occurred while \output is active
[][]
 []


Overfull \hbox (42.67914pt too wide) has occurred while \output is active
[]
 []

File: imagenes/escudo.png Graphic file (type png)
<use imagenes/escudo.png>
Package pdftex.def Info: imagenes/escudo.png  used on input line 222.
(pdftex.def)             Requested size: 68.63542pt x 100.0pt.
[5]
File: imagenes/logo_cole_transp.png Graphic file (type png)
<use imagenes/logo_cole_transp.png>
Package pdftex.def Info: imagenes/logo_cole_transp.png  used on input line 233.

(pdftex.def)             Requested size: 50.43866pt x 50.0pt.

Overfull \hbox (7.75954pt too wide) has occurred while \output is active
[][] 
 []

File: imagenes/europa.png Graphic file (type png)
<use imagenes/europa.png>
Package pdftex.def Info: imagenes/europa.png  used on input line 233.
(pdftex.def)             Requested size: 100.81168pt x 50.0pt.

Overfull \hbox (58.13255pt too wide) has occurred while \output is active
[][]
 []

File: imagenes/junta.png Graphic file (type png)
<use imagenes/junta.png>
Package pdftex.def Info: imagenes/junta.png  used on input line 233.
(pdftex.def)             Requested size: 114.87498pt x 30.0pt.

Overfull \hbox (43.7431pt too wide) has occurred while \output is active
[][]
 []


Overfull \hbox (42.67914pt too wide) has occurred while \output is active
[]
 []

File: imagenes/escudo.png Graphic file (type png)
<use imagenes/escudo.png>
Package pdftex.def Info: imagenes/escudo.png  used on input line 233.
(pdftex.def)             Requested size: 68.63542pt x 100.0pt.
[6]
File: imagenes/logo_cole_transp.png Graphic file (type png)
<use imagenes/logo_cole_transp.png>
Package pdftex.def Info: imagenes/logo_cole_transp.png  used on input line 287.

(pdftex.def)             Requested size: 50.43866pt x 50.0pt.

Overfull \hbox (7.75954pt too wide) has occurred while \output is active
[][] 
 []

File: imagenes/europa.png Graphic file (type png)
<use imagenes/europa.png>
Package pdftex.def Info: imagenes/europa.png  used on input line 287.
(pdftex.def)             Requested size: 100.81168pt x 50.0pt.

Overfull \hbox (58.13255pt too wide) has occurred while \output is active
[][]
 []

File: imagenes/junta.png Graphic file (type png)
<use imagenes/junta.png>
Package pdftex.def Info: imagenes/junta.png  used on input line 287.
(pdftex.def)             Requested size: 114.87498pt x 30.0pt.

Overfull \hbox (43.7431pt too wide) has occurred while \output is active
[][]
 []


Overfull \hbox (42.67914pt too wide) has occurred while \output is active
[]
 []

File: imagenes/escudo.png Graphic file (type png)
<use imagenes/escudo.png>
Package pdftex.def Info: imagenes/escudo.png  used on input line 287.
(pdftex.def)             Requested size: 68.63542pt x 100.0pt.
[7]
File: imagenes/logo_cole_transp.png Graphic file (type png)
<use imagenes/logo_cole_transp.png>
Package pdftex.def Info: imagenes/logo_cole_transp.png  used on input line 338.

(pdftex.def)             Requested size: 50.43866pt x 50.0pt.

Overfull \hbox (7.75954pt too wide) has occurred while \output is active
[][] 
 []

File: imagenes/europa.png Graphic file (type png)
<use imagenes/europa.png>
Package pdftex.def Info: imagenes/europa.png  used on input line 338.
(pdftex.def)             Requested size: 100.81168pt x 50.0pt.

Overfull \hbox (58.13255pt too wide) has occurred while \output is active
[][]
 []

File: imagenes/junta.png Graphic file (type png)
<use imagenes/junta.png>
Package pdftex.def Info: imagenes/junta.png  used on input line 338.
(pdftex.def)             Requested size: 114.87498pt x 30.0pt.

Overfull \hbox (43.7431pt too wide) has occurred while \output is active
[][]
 []


Overfull \hbox (42.67914pt too wide) has occurred while \output is active
[]
 []

File: imagenes/escudo.png Graphic file (type png)
<use imagenes/escudo.png>
Package pdftex.def Info: imagenes/escudo.png  used on input line 338.
(pdftex.def)             Requested size: 68.63542pt x 100.0pt.
[8]
File: imagenes/logo_cole_transp.png Graphic file (type png)
<use imagenes/logo_cole_transp.png>
Package pdftex.def Info: imagenes/logo_cole_transp.png  used on input line 383.

(pdftex.def)             Requested size: 50.43866pt x 50.0pt.

Overfull \hbox (7.75954pt too wide) has occurred while \output is active
[][] 
 []

File: imagenes/europa.png Graphic file (type png)
<use imagenes/europa.png>
Package pdftex.def Info: imagenes/europa.png  used on input line 383.
(pdftex.def)             Requested size: 100.81168pt x 50.0pt.

Overfull \hbox (58.13255pt too wide) has occurred while \output is active
[][]
 []

File: imagenes/junta.png Graphic file (type png)
<use imagenes/junta.png>
Package pdftex.def Info: imagenes/junta.png  used on input line 383.
(pdftex.def)             Requested size: 114.87498pt x 30.0pt.

Overfull \hbox (43.7431pt too wide) has occurred while \output is active
[][]
 []


Overfull \hbox (42.67914pt too wide) has occurred while \output is active
[]
 []

File: imagenes/escudo.png Graphic file (type png)
<use imagenes/escudo.png>
Package pdftex.def Info: imagenes/escudo.png  used on input line 383.
(pdftex.def)             Requested size: 68.63542pt x 100.0pt.
[9]
File: imagenes/logo_cole_transp.png Graphic file (type png)
<use imagenes/logo_cole_transp.png>
Package pdftex.def Info: imagenes/logo_cole_transp.png  used on input line 424.

(pdftex.def)             Requested size: 50.43866pt x 50.0pt.

Overfull \hbox (7.75954pt too wide) has occurred while \output is active
[][] 
 []

File: imagenes/europa.png Graphic file (type png)
<use imagenes/europa.png>
Package pdftex.def Info: imagenes/europa.png  used on input line 424.
(pdftex.def)             Requested size: 100.81168pt x 50.0pt.

Overfull \hbox (58.13255pt too wide) has occurred while \output is active
[][]
 []

File: imagenes/junta.png Graphic file (type png)
<use imagenes/junta.png>
Package pdftex.def Info: imagenes/junta.png  used on input line 424.
(pdftex.def)             Requested size: 114.87498pt x 30.0pt.

Overfull \hbox (43.7431pt too wide) has occurred while \output is active
[][]
 []


Overfull \hbox (42.67914pt too wide) has occurred while \output is active
[]
 []

File: imagenes/escudo.png Graphic file (type png)
<use imagenes/escudo.png>
Package pdftex.def Info: imagenes/escudo.png  used on input line 424.
(pdftex.def)             Requested size: 68.63542pt x 100.0pt.
[10] 
AED: lastpage setting LastPage
File: imagenes/logo_cole_transp.png Graphic file (type png)
<use imagenes/logo_cole_transp.png>
Package pdftex.def Info: imagenes/logo_cole_transp.png  used on input line 426.

(pdftex.def)             Requested size: 50.43866pt x 50.0pt.

Overfull \hbox (7.75954pt too wide) has occurred while \output is active
[][] 
 []

File: imagenes/europa.png Graphic file (type png)
<use imagenes/europa.png>
Package pdftex.def Info: imagenes/europa.png  used on input line 426.
(pdftex.def)             Requested size: 100.81168pt x 50.0pt.

Overfull \hbox (58.13255pt too wide) has occurred while \output is active
[][]
 []

File: imagenes/junta.png Graphic file (type png)
<use imagenes/junta.png>
Package pdftex.def Info: imagenes/junta.png  used on input line 426.
(pdftex.def)             Requested size: 114.87498pt x 30.0pt.

Overfull \hbox (43.7431pt too wide) has occurred while \output is active
[][]
 []


Overfull \hbox (42.67914pt too wide) has occurred while \output is active
[]
 []

File: imagenes/escudo.png Graphic file (type png)
<use imagenes/escudo.png>
Package pdftex.def Info: imagenes/escudo.png  used on input line 426.
(pdftex.def)             Requested size: 68.63542pt x 100.0pt.
[11]
Package atveryend Info: Empty hook `BeforeClearDocument' on input line 426.
Package atveryend Info: Empty hook `AfterLastShipout' on input line 426.
 (./Diario_de_clase.aux)
Package atveryend Info: Executing hook `AtVeryEndDocument' on input line 426.
Package atveryend Info: Executing hook `AtEndAfterFileList' on input line 426.
Package rerunfilecheck Info: File `Diario_de_clase.out' has not changed.
(rerunfilecheck)             Checksum: 9BD5271C2F0602C0124C2ED8E6681BDA;1540.
Package atveryend Info: Empty hook `AtVeryVeryEnd' on input line 426.
 ) 
Here is how much of TeX's memory you used:
 7259 strings out of 481239
 109592 string characters out of 5920377
 408172 words of memory out of 5000000
 22336 multiletter control sequences out of 15000+600000
 537943 words of font info for 42 fonts, out of 8000000 for 9000
 1141 hyphenation exceptions out of 8191
 38i,18n,45p,265b,508s stack positions out of 5000i,500n,10000p,200000b,80000s
{/usr/share/texmf/fonts/enc/dvips/cm-super/cm-super-ts1.enc}</usr/share/texli
ve/texmf-dist/fonts/type1/public/amsfonts/cm/cmbx10.pfb></usr/share/texlive/tex
mf-dist/fonts/type1/public/amsfonts/cm/cmbx12.pfb></usr/share/texlive/texmf-dis
t/fonts/type1/public/amsfonts/cm/cmbxti10.pfb></usr/share/texlive/texmf-dist/fo
nts/type1/public/amsfonts/cm/cmr10.pfb></usr/share/texlive/texmf-dist/fonts/typ
e1/public/amsfonts/cm/cmr12.pfb></usr/share/texlive/texmf-dist/fonts/type1/publ
ic/amsfonts/cm/cmti12.pfb></usr/share/texmf/fonts/type1/public/cm-super/sfrm120
0.pfb>
Output written on Diario_de_clase.pdf (11 pages, 1164268 bytes).
PDF statistics:
 234 PDF objects out of 1000 (max. 8388607)
 204 compressed objects within 3 object streams
 53 named destinations out of 1000 (max. 500000)
 173 words of extra memory for PDF output out of 10000 (max. 10000000)

