\BOOKMARK [1][-]{section.0}{\376\377\000R\000e\000p\000a\000s\000o\000\040\000d\000e\000\040\000c\000u\000a\000r\000t\000o}{}% 1
\BOOKMARK [2][-]{subsection.0.1}{\376\377\0002\0000\0002\0004\0000\0009\0001\0008\000\040\000-\000\040\000R\000e\000p\000a\000s\000o\000\040\000d\000e\000\040\000c\000u\000a\000r\000t\000o\000.}{section.0}% 2
\BOOKMARK [2][-]{subsection.0.2}{\376\377\0002\0000\0002\0004\0000\0009\0001\0009\000\040\000-\000\040\000R\000e\000p\000a\000s\000o\000\040\000d\000e\000\040\000c\000u\000a\000r\000t\000o\000.}{section.0}% 3
\BOOKMARK [2][-]{subsection.0.3}{\376\377\0002\0000\0002\0004\0000\0009\0002\0000\000\040\000-\000\040\000R\000e\000p\000a\000s\000o\000\040\000d\000e\000\040\000c\000u\000a\000r\000t\000o\000.}{section.0}% 4
\BOOKMARK [2][-]{subsection.0.4}{\376\377\0002\0000\0002\0004\0000\0009\0002\0005\000\040\000-\000\040\000R\000e\000p\000a\000s\000o\000\040\000d\000e\000\040\000c\000u\000a\000r\000t\000o}{section.0}% 5
\BOOKMARK [2][-]{subsection.0.5}{\376\377\0002\0000\0002\0004\0000\0009\0002\0006\000\040\000-\000\040\000R\000e\000p\000a\000s\000o\000\040\000d\000e\000\040\000c\000u\000a\000r\000t\000o}{section.0}% 6
\BOOKMARK [2][-]{subsection.0.6}{\376\377\0002\0000\0002\0004\0000\0009\0002\0007\000\040\000-\000\040\000R\000e\000p\000a\000s\000o\000\040\000d\000e\000\040\000c\000u\000a\000r\000t\000o}{section.0}% 7
\BOOKMARK [1][-]{section.1}{\376\377\000P\000r\000i\000m\000e\000r\000\040\000T\000r\000i\000m\000e\000s\000t\000r\000e}{}% 8
\BOOKMARK [2][-]{subsection.1.1}{\376\377\0002\0000\0002\0004\0001\0000\0000\0002\000\040\000-\000\040\000S\000e\000s\000i\000\363\000n\000\040\0000\0001\000\040\000-\000\040\000L\000i\000b\000r\000o\000\040\000S\0001\000\040\000y\000\040\000S\0002}{section.1}% 9
\BOOKMARK [2][-]{subsection.1.2}{\376\377\0002\0000\0002\0004\0001\0000\0000\0003\000\040\000-\000\040\000S\000e\000s\000i\000\363\000n\000\040\0000\0002\000\040\000-\000\040\000L\000i\000b\000r\000o\000\040\000S\0003\000\040\000y\000\040\000S\0004}{section.1}% 10
\BOOKMARK [2][-]{subsection.1.3}{\376\377\0002\0000\0002\0004\0001\0000\0000\0004\000\040\000-\000\040\000S\000e\000s\000i\000\363\000n\000\040\0000\0003\000\040\000-\000\040\000L\000i\000b\000r\000o\000\040\000S\0005\000\040\000y\000\040\000S\0006}{section.1}% 11
\BOOKMARK [2][-]{subsection.1.4}{\376\377\0002\0000\0002\0004\0001\0000\0000\0009\000\040\000-\000\040\000S\000e\000s\000i\000\363\000n\000\040\0000\0004\000\040\000-\000\040\000L\000i\000b\000r\000o\000\040\000S\0007\000\040\000y\000\040\000S\0008}{section.1}% 12
\BOOKMARK [2][-]{subsection.1.5}{\376\377\0002\0000\0002\0004\0001\0000\0001\0000\000\040\000-\000\040\000S\000e\000s\000i\000\363\000n\000\040\0000\0005\000\040\000-\000\040\000L\000i\000b\000r\000o\000\040\000S\0009\000\040\000y\000\040\000S\0001\0000}{section.1}% 13
\BOOKMARK [2][-]{subsection.1.6}{\376\377\0002\0000\0002\0004\0001\0000\0001\0006\000\040\000-\000\040\000S\000e\000s\000i\000\363\000n\000\040\0000\0006\000\040\000-\000\040\000L\000i\000b\000r\000o\000\040\000S\0001\0001\000\040\000y\000\040\000S\0001\0002}{section.1}% 14
\BOOKMARK [2][-]{subsection.1.7}{\376\377\0002\0000\0002\0004\0001\0000\0001\0007\000\040\000-\000\040\000S\000e\000s\000i\000\363\000n\000\040\0000\0007\000\040\000-\000\040\000L\000i\000b\000r\000o\000\040\000S\0001\0003\000\040\000y\000\040\000S\0001\0004}{section.1}% 15
\BOOKMARK [2][-]{subsection.1.8}{\376\377\0002\0000\0002\0004\0001\0000\0001\0008\000\040\000-\000\040\000S\000e\000s\000i\000\363\000n\000\040\0000\0008\000\040\000-\000\040\000L\000i\000b\000r\000o\000\040\000S\0001\0005\000\040\000y\000\040\000S\0001\0006}{section.1}% 16
\BOOKMARK [2][-]{subsection.1.9}{\376\377\0002\0000\0002\0004\0001\0000\0002\0003\000\040\000-\000\040\000S\000e\000s\000i\000\363\000n\000\040\0000\0009\000\040\000-\000\040\000L\000i\000b\000r\000o\000\040\000S\0001\0003\000\040\000y\000\040\000S\0001\0004}{section.1}% 17
\BOOKMARK [2][-]{subsection.1.10}{\376\377\0002\0000\0002\0004\0001\0000\0002\0004\000\040\000-\000\040\000S\000e\000s\000i\000\363\000n\000\040\0001\0000\000\040\000-\000\040\000L\000i\000b\000r\000o\000\040\000S\0001\0005\000\040\000y\000\040\000S\0001\0006}{section.1}% 18
\BOOKMARK [2][-]{subsection.1.11}{\376\377\0002\0000\0002\0004\0001\0000\0002\0005\000\040\000-\000\040\000S\000e\000s\000i\000\363\000n\000\040\0001\0001\000\040\000-\000\040\000L\000i\000b\000r\000o\000\040\000S\0001\0007\000\040\000y\000\040\000S\0001\0008}{section.1}% 19
\BOOKMARK [2][-]{subsection.1.12}{\376\377\0002\0000\0002\0004\0001\0000\0003\0000\000\040\000-\000\040\000S\000e\000s\000i\000\363\000n\000\040\0001\0002\000\040\000-\000\040\000L\000i\000b\000r\000o\000\040\000S\0001\0009\000\040\000y\000\040\000S\0002\0000}{section.1}% 20
\BOOKMARK [2][-]{subsection.1.13}{\376\377\0002\0000\0002\0004\0001\0000\0003\0001\000\040\000-\000\040\000S\000e\000s\000i\000\363\000n\000\040\0001\0003\000\040\000-\000\040\000P\000r\000u\000e\000b\000a\000\040\000e\000s\000c\000r\000i\000t\000a}{section.1}% 21
\BOOKMARK [2][-]{subsection.1.14}{\376\377\0002\0000\0002\0004\0001\0001\0000\0006\000\040\000-\000\040\000S\000e\000s\000i\000\363\000n\000\040\0001\0004\000\040\000-\000\040\000L\000i\000b\000r\000o\000\040\000S\0002\0001\000\040\000y\000\040\000S\0002\0002}{section.1}% 22
\BOOKMARK [2][-]{subsection.1.15}{\376\377\0002\0000\0002\0004\0001\0001\0000\0007\000\040\000-\000\040\000S\000e\000s\000i\000\363\000n\000\040\0001\0005\000\040\000-\000\040\000L\000i\000b\000r\000o\000\040\000S\0002\0003\000\040\000y\000\040\000S\0002\0004}{section.1}% 23
\BOOKMARK [2][-]{subsection.1.16}{\376\377\0002\0000\0002\0004\0001\0001\0000\0008\000\040\000-\000\040\000S\000e\000s\000i\000\363\000n\000\040\0001\0006\000\040\000-\000\040\000L\000i\000b\000r\000o\000\040\000S\0002\0005\000\040\000y\000\040\000S\0002\0006}{section.1}% 24
\BOOKMARK [2][-]{subsection.1.17}{\376\377\0002\0000\0002\0004\0001\0001\0001\0003\000\040\000-\000\040\000S\000e\000s\000i\000\363\000n\000\040\0001\0007\000\040\000-\000\040\000L\000i\000b\000r\000o\000\040\000S\0002\0007\000\040\000y\000\040\000S\0002\0008}{section.1}% 25
\BOOKMARK [2][-]{subsection.1.18}{\376\377\0002\0000\0002\0004\0001\0001\0001\0004\000\040\000-\000\040\000S\000e\000s\000i\000\363\000n\000\040\0001\0008\000\040\000-\000\040\000L\000i\000b\000r\000o\000\040\000S\0002\0009\000\040\000y\000\040\000S\0003\0000}{section.1}% 26
\BOOKMARK [2][-]{subsection.1.19}{\376\377\0002\0000\0002\0004\0001\0001\0001\0005\000\040\000-\000\040\000S\000e\000s\000i\000\363\000n\000\040\0001\0009\000\040\000-\000\040\000L\000i\000b\000r\000o\000\040\000S\0003\0001}{section.1}% 27
\BOOKMARK [2][-]{subsection.1.20}{\376\377\0002\0000\0002\0004\0001\0001\0002\0000\000\040\000-\000\040\000S\000e\000s\000i\000\363\000n\000\040\0002\0000\000\040\000-\000\040\000L\000i\000b\000r\000o\000\040\000S\0003\0002\000\040\000y\000\040\000S\0003\0003}{section.1}% 28
\BOOKMARK [2][-]{subsection.1.21}{\376\377\0002\0000\0002\0004\0001\0001\0002\0001\000\040\000-\000\040\000S\000e\000s\000i\000\363\000n\000\040\0002\0001\000\040\000-\000\040\000L\000i\000b\000r\000o\000\040\000S\0003\0004\000\040\000y\000\040\000S\0003\0005}{section.1}% 29
\BOOKMARK [2][-]{subsection.1.22}{\376\377\0002\0000\0002\0004\0001\0001\0002\0002\000\040\000-\000\040\000S\000e\000s\000i\000\363\000n\000\040\0002\0002\000\040\000-\000\040\000L\000i\000b\000r\000o\000\040\000S\0003\0006\000\040\000y\000\040\000S\0003\0007}{section.1}% 30
\BOOKMARK [2][-]{subsection.1.23}{\376\377\0002\0000\0002\0004\0001\0001\0002\0007\000\040\000-\000\040\000S\000e\000s\000i\000\363\000n\000\040\0002\0003\000\040\000-\000\040\000P\000r\000u\000e\000b\000a\000\040\000e\000s\000c\000r\000i\000t\000a}{section.1}% 31
\BOOKMARK [2][-]{subsection.1.24}{\376\377\0002\0000\0002\0004\0001\0001\0002\0008\000\040\000-\000\040\000S\000e\000s\000i\000\363\000n\000\040\0002\0004\000\040\000-\000\040\000R\000e\000p\000a\000s\000o}{section.1}% 32
\BOOKMARK [2][-]{subsection.1.25}{\376\377\0002\0000\0002\0004\0001\0001\0002\0009\000\040\000-\000\040\000S\000e\000s\000i\000\363\000n\000\040\0002\0005\000\040\000-\000\040\000R\000e\000p\000a\000s\000o}{section.1}% 33
\BOOKMARK [2][-]{subsection.1.26}{\376\377\0002\0000\0002\0004\0001\0002\0000\0004\000\040\000-\000\040\000S\000e\000s\000i\000\363\000n\000\040\0002\0006\000\040\000-\000\040\000R\000e\000p\000a\000s\000o}{section.1}% 34
\BOOKMARK [2][-]{subsection.1.27}{\376\377\0002\0000\0002\0004\0001\0002\0000\0005\000\040\000-\000\040\000S\000e\000s\000i\000\363\000n\000\040\0002\0007\000\040\000-\000\040\000R\000e\000p\000a\000s\000o}{section.1}% 35
\BOOKMARK [2][-]{subsection.1.28}{\376\377\0002\0000\0002\0004\0001\0002\0001\0001\000\040\000-\000\040\000S\000e\000s\000i\000\363\000n\000\040\0002\0008\000\040\000-\000\040\000P\000r\000u\000e\000b\000a\000\040\000e\000s\000c\000r\000i\000t\000a\000.}{section.1}% 36
\BOOKMARK [2][-]{subsection.1.29}{\376\377\0002\0000\0002\0004\0001\0002\0001\0002\000\040\000-\000\040\000S\000e\000s\000i\000\363\000n\000\040\0002\0009\000\040\000-\000\040\000R\000e\000p\000a\000s\000o}{section.1}% 37
\BOOKMARK [2][-]{subsection.1.30}{\376\377\0002\0000\0002\0004\0001\0002\0001\0003\000\040\000-\000\040\000S\000e\000s\000i\000\363\000n\000\040\0003\0000\000\040\000-\000\040\000R\000e\000p\000a\000s\000o}{section.1}% 38
\BOOKMARK [2][-]{subsection.1.31}{\376\377\0002\0000\0002\0004\0001\0002\0001\0008\000\040\000-\000\040\000S\000e\000s\000i\000\363\000n\000\040\0003\0001\000\040\000-\000\040\000R\000e\000p\000a\000s\000o}{section.1}% 39
\BOOKMARK [2][-]{subsection.1.32}{\376\377\0002\0000\0002\0004\0001\0002\0001\0009\000\040\000-\000\040\000S\000e\000s\000i\000\363\000n\000\040\0003\0002\000\040\000-\000\040\000R\000e\000p\000a\000s\000o}{section.1}% 40
\BOOKMARK [2][-]{subsection.1.33}{\376\377\0002\0000\0002\0004\0001\0002\0002\0000\000\040\000-\000\040\000S\000e\000s\000i\000\363\000n\000\040\0003\0003\000\040\000-\000\040\000R\000e\000p\000a\000s\000o}{section.1}% 41
\BOOKMARK [1][-]{section.2}{\376\377\000S\000e\000g\000u\000n\000d\000o\000\040\000T\000r\000i\000m\000e\000s\000t\000r\000e}{}% 42
\BOOKMARK [2][-]{subsection.2.1}{\376\377\0002\0000\0002\0005\0000\0001\0000\0008\000\040\000-\000\040\000S\000e\000s\000i\000\363\000n\000\040\0003\0004\000\040\000-\000\040\000L\000i\000b\000r\000o\000\040\000S\0003\0008\000\040\000y\000\040\000S\0003\0009}{section.2}% 43
\BOOKMARK [2][-]{subsection.2.2}{\376\377\0002\0000\0002\0005\0000\0001\0000\0009\000\040\000-\000\040\000S\000e\000s\000i\000\363\000n\000\040\0003\0005\000\040\000-\000\040\000L\000i\000b\000r\000o\000\040\000S\0004\0000\000\040\000y\000\040\000S\0004\0001}{section.2}% 44
\BOOKMARK [2][-]{subsection.2.3}{\376\377\0002\0000\0002\0005\0000\0001\0001\0000\000\040\000-\000\040\000S\000e\000s\000i\000\363\000n\000\040\0003\0006\000\040\000-\000\040\000L\000i\000b\000r\000o\000\040\000S\0004\0002\000\040\000y\000\040\000S\0004\0003}{section.2}% 45
\BOOKMARK [2][-]{subsection.2.4}{\376\377\0002\0000\0002\0005\0000\0001\0001\0005\000\040\000-\000\040\000S\000e\000s\000i\000\363\000n\000\040\0003\0007\000\040\000-\000\040\000L\000i\000b\000r\000o\000\040\000S\0004\0004\000\040\000y\000\040\000S\0004\0005}{section.2}% 46
\BOOKMARK [2][-]{subsection.2.5}{\376\377\0002\0000\0002\0005\0000\0001\0001\0006\000\040\000-\000\040\000S\000e\000s\000i\000\363\000n\000\040\0003\0008\000\040\000-\000\040\000L\000i\000b\000r\000o\000\040\000S\0004\0006\000\040\000y\000\040\000S\0004\0007}{section.2}% 47
\BOOKMARK [2][-]{subsection.2.6}{\376\377\0002\0000\0002\0005\0000\0001\0001\0007\000\040\000-\000\040\000S\000e\000s\000i\000\363\000n\000\040\0003\0009\000\040\000-\000\040\000L\000i\000b\000r\000o\000\040\000S\0004\0008\000\040\000y\000\040\000S\0004\0009}{section.2}% 48
\BOOKMARK [2][-]{subsection.2.7}{\376\377\0002\0000\0002\0005\0000\0001\0002\0002\000\040\000-\000\040\000S\000e\000s\000i\000\363\000n\000\040\0004\0000\000\040\000-\000\040\000L\000i\000b\000r\000o\000\040\000S\0005\0000\000\040\000y\000\040\000S\0005\0001}{section.2}% 49
\BOOKMARK [2][-]{subsection.2.8}{\376\377\0002\0000\0002\0005\0000\0001\0002\0003\000\040\000-\000\040\000S\000e\000s\000i\000\363\000n\000\040\0004\0001\000\040\000-\000\040\000L\000i\000b\000r\000o\000\040\000S\0005\0002}{section.2}% 50
\BOOKMARK [2][-]{subsection.2.9}{\376\377\0002\0000\0002\0005\0000\0001\0002\0004\000\040\000-\000\040\000S\000e\000s\000i\000\363\000n\000\040\0004\0002\000\040\000-\000\040\000L\000i\000b\000r\000o\000\040\000S\0005\0003}{section.2}% 51
\BOOKMARK [2][-]{subsection.2.10}{\376\377\0002\0000\0002\0005\0000\0001\0002\0009\000\040\000-\000\040\000S\000e\000s\000i\000\363\000n\000\040\0004\0003\000\040\000-\000\040\000L\000i\000b\000r\000o\000\040\000S\0005\0004}{section.2}% 52
\BOOKMARK [2][-]{subsection.2.11}{\376\377\0002\0000\0002\0005\0000\0001\0003\0000\000\040\000-\000\040\000S\000e\000s\000i\000\363\000n\000\040\0004\0004\000\040\000-\000\040\000L\000i\000b\000r\000o\000\040\000S\0005\0005}{section.2}% 53
\BOOKMARK [2][-]{subsection.2.12}{\376\377\0002\0000\0002\0005\0000\0001\0003\0001\000\040\000-\000\040\000D\000\355\000a\000\040\000d\000e\000\040\000l\000a\000\040\000p\000a\000z\000.}{section.2}% 54
\BOOKMARK [2][-]{subsection.2.13}{\376\377\0002\0000\0002\0005\0000\0002\0000\0005\000\040\000-\000\040\000S\000e\000s\000i\000\363\000n\000\040\0004\0005\000\040\000-\000\040\000P\000r\000u\000e\000b\000a\000\040\000e\000s\000c\000r\000i\000t\000a}{section.2}% 55
\BOOKMARK [2][-]{subsection.2.14}{\376\377\0002\0000\0002\0005\0000\0002\0000\0006\000\040\000-\000\040\000S\000e\000s\000i\000\363\000n\000\040\0004\0006\000\040\000-\000\040\000L\000i\000b\000r\000o\000\040\000S\0005\0006\000\040\000y\000\040\000S\0005\0007}{section.2}% 56
\BOOKMARK [2][-]{subsection.2.15}{\376\377\0002\0000\0002\0005\0000\0002\0000\0007\000\040\000-\000\040\000S\000e\000s\000i\000\363\000n\000\040\0004\0007\000\040\000-\000\040\000L\000i\000b\000r\000o\000\040\000S\0005\0008\000\040\000y\000\040\000S\0005\0009}{section.2}% 57
\BOOKMARK [2][-]{subsection.2.16}{\376\377\0002\0000\0002\0005\0000\0002\0001\0002\000\040\000-\000\040\000S\000e\000s\000i\000\363\000n\000\040\0004\0008\000\040\000-\000\040\000L\000i\000b\000r\000o\000\040\000S\0006\0000\000\040\000y\000\040\000S\0006\0001}{section.2}% 58
\BOOKMARK [2][-]{subsection.2.17}{\376\377\0002\0000\0002\0005\0000\0002\0001\0003\000\040\000-\000\040\000S\000e\000s\000i\000\363\000n\000\040\0004\0009\000\040\000-\000\040\000L\000i\000b\000r\000o\000\040\000S\0006\0002\000\040\000y\000\040\000S\0006\0003}{section.2}% 59
\BOOKMARK [2][-]{subsection.2.18}{\376\377\0002\0000\0002\0005\0000\0002\0001\0004\000\040\000-\000\040\000S\000e\000s\000i\000\363\000n\000\040\0005\0000\000\040\000-\000\040\000L\000i\000b\000r\000o\000\040\000S\0006\0004\000\040\000y\000\040\000S\0006\0005}{section.2}% 60
\BOOKMARK [2][-]{subsection.2.19}{\376\377\0002\0000\0002\0005\0000\0002\0001\0009\000\040\000-\000\040\000S\000e\000s\000i\000\363\000n\000\040\0005\0001\000\040\000-\000\040\000L\000i\000b\000r\000o\000\040\000S\0006\0006\000\040\000y\000\040\000S\0006\0007}{section.2}% 61
\BOOKMARK [2][-]{subsection.2.20}{\376\377\0002\0000\0002\0005\0000\0002\0002\0000\000\040\000-\000\040\000S\000e\000s\000i\000\363\000n\000\040\0005\0002\000\040\000-\000\040\000L\000i\000b\000r\000o\000\040\000S\0006\0008\000\040\000y\000\040\000S\0006\0009}{section.2}% 62
\BOOKMARK [2][-]{subsection.2.21}{\376\377\0002\0000\0002\0005\0000\0002\0002\0001\000\040\000-\000\040\000S\000e\000s\000i\000\363\000n\000\040\0005\0003\000\040\000-\000\040\000L\000i\000b\000r\000o\000\040\000S\0007\0000\000\040\000y\000\040\000S\0007\0001}{section.2}% 63
\BOOKMARK [2][-]{subsection.2.22}{\376\377\0002\0000\0002\0005\0000\0002\0002\0006\000\040\000-\000\040\000C\000e\000l\000e\000b\000r\000a\000m\000o\000s\000\040\000e\000l\000\040\000d\000\355\000a\000\040\000d\000e\000\040\000A\000n\000d\000a\000l\000u\000c\000\355\000a\000.}{section.2}% 64
\BOOKMARK [2][-]{subsection.2.23}{\376\377\0002\0000\0002\0005\0000\0003\0000\0005\000\040\000-\000\040\000S\000e\000s\000i\000\363\000n\000\040\0005\0004\000\040\000-\000\040\000L\000i\000b\000r\000o\000\040\000S\0007\0002\000\040\000y\000\040\000S\0007\0003}{section.2}% 65
\BOOKMARK [2][-]{subsection.2.24}{\376\377\0002\0000\0002\0005\0000\0003\0000\0006\000\040\000-\000\040\000S\000e\000s\000i\000\363\000n\000\040\0005\0005\000\040\000-\000\040\000L\000i\000b\000r\000o\000\040\000S\0007\0004\000\040\000y\000\040\000S\0007\0005}{section.2}% 66
\BOOKMARK [2][-]{subsection.2.25}{\376\377\0002\0000\0002\0005\0000\0003\0000\0007\000\040\000-\000\040\000S\000e\000s\000i\000\363\000n\000\040\0005\0006\000\040\000-\000\040\000R\000e\000p\000a\000s\000o}{section.2}% 67
\BOOKMARK [2][-]{subsection.2.26}{\376\377\0002\0000\0002\0005\0000\0003\0001\0002\000\040\000-\000\040\000S\000e\000s\000i\000\363\000n\000\040\0005\0007\000\040\000-\000\040\000P\000r\000u\000e\000b\000a\000\040\000e\000s\000c\000r\000i\000t\000a}{section.2}% 68
\BOOKMARK [2][-]{subsection.2.27}{\376\377\0002\0000\0002\0005\0000\0003\0001\0003\000\040\000-\000\040\000S\000e\000s\000i\000\363\000n\000\040\0005\0008\000\040\000-\000\040\000R\000e\000p\000a\000s\000o}{section.2}% 69
\BOOKMARK [2][-]{subsection.2.28}{\376\377\0002\0000\0002\0005\0000\0003\0001\0004\000\040\000-\000\040\000S\000e\000s\000i\000\363\000n\000\040\0005\0009\000\040\000-\000\040\000S\000e\000m\000a\000n\000a\000\040\000c\000u\000l\000t\000u\000r\000a\000l}{section.2}% 70
\BOOKMARK [2][-]{subsection.2.29}{\376\377\0002\0000\0002\0005\0000\0003\0001\0009\000\040\000-\000\040\000S\000e\000s\000i\000\363\000n\000\040\0006\0000\000\040\000-\000\040\000R\000e\000p\000a\000s\000o}{section.2}% 71
\BOOKMARK [2][-]{subsection.2.30}{\376\377\0002\0000\0002\0005\0000\0003\0002\0000\000\040\000-\000\040\000S\000e\000s\000i\000\363\000n\000\040\0006\0001\000\040\000-\000\040\000R\000e\000p\000a\000s\000o}{section.2}% 72
\BOOKMARK [2][-]{subsection.2.31}{\376\377\0002\0000\0002\0005\0000\0003\0002\0001\000\040\000-\000\040\000S\000e\000s\000i\000\363\000n\000\040\0006\0002\000\040\000-\000\040\000R\000e\000p\000a\000s\000o}{section.2}% 73
\BOOKMARK [2][-]{subsection.2.32}{\376\377\0002\0000\0002\0005\0000\0003\0002\0006\000\040\000-\000\040\000S\000e\000s\000i\000\363\000n\000\040\0006\0003\000\040\000-\000\040\000R\000e\000p\000a\000s\000o}{section.2}% 74
\BOOKMARK [2][-]{subsection.2.33}{\376\377\0002\0000\0002\0005\0000\0003\0002\0007\000\040\000-\000\040\000S\000e\000s\000i\000\363\000n\000\040\0006\0004\000\040\000-\000\040\000R\000e\000p\000a\000s\000o}{section.2}% 75
\BOOKMARK [2][-]{subsection.2.34}{\376\377\0002\0000\0002\0005\0000\0003\0002\0008\000\040\000-\000\040\000S\000e\000s\000i\000\363\000n\000\040\0006\0005\000\040\000-\000\040\000R\000e\000p\000a\000s\000o}{section.2}% 76
\BOOKMARK [2][-]{subsection.2.35}{\376\377\0002\0000\0002\0005\0000\0004\0000\0002\000\040\000-\000\040\000S\000e\000s\000i\000\363\000n\000\040\0006\0006\000\040\000-\000\040\000R\000e\000p\000a\000s\000o}{section.2}% 77
\BOOKMARK [2][-]{subsection.2.36}{\376\377\0002\0000\0002\0005\0000\0004\0000\0003\000\040\000-\000\040\000S\000e\000s\000i\000\363\000n\000\040\0006\0007\000\040\000-\000\040\000R\000e\000p\000a\000s\000o}{section.2}% 78
\BOOKMARK [2][-]{subsection.2.37}{\376\377\0002\0000\0002\0005\0000\0004\0000\0004\000\040\000-\000\040\000S\000e\000s\000i\000\363\000n\000\040\0006\0008\000\040\000-\000\040\000P\000r\000u\000e\000b\000a\000\040\000e\000s\000c\000r\000i\000t\000a}{section.2}% 79
\BOOKMARK [1][-]{section.3}{\376\377\000T\000e\000r\000c\000e\000r\000\040\000T\000r\000i\000m\000e\000s\000t\000r\000e}{}% 80
\BOOKMARK [2][-]{subsection.3.1}{\376\377\0002\0000\0002\0005\0000\0004\0000\0009\000\040\000-\000\040\000S\000e\000s\000i\000\363\000n\000\040\0006\0009\000\040\000-\000\040\000L\000i\000b\000r\000o\000\040\000S\0007\0006\000\040\000y\000\040\000S\0007\0007}{section.3}% 81
\BOOKMARK [2][-]{subsection.3.2}{\376\377\0002\0000\0002\0005\0000\0004\0001\0000\000\040\000-\000\040\000S\000e\000s\000i\000\363\000n\000\040\0007\0000\000\040\000-\000\040\000L\000i\000b\000r\000o\000\040\000S\0007\0008\000\040\000y\000\040\000S\0007\0009}{section.3}% 82
\BOOKMARK [2][-]{subsection.3.3}{\376\377\0002\0000\0002\0005\0000\0004\0002\0003\000\040\000-\000\040\000S\000e\000s\000i\000\363\000n\000\040\0007\0001\000\040\000-\000\040\000L\000i\000b\000r\000o\000\040\000S\0008\0000}{section.3}% 83
\BOOKMARK [2][-]{subsection.3.4}{\376\377\0002\0000\0002\0005\0000\0004\0002\0004\000\040\000-\000\040\000S\000e\000s\000i\000\363\000n\000\040\0007\0002\000\040\000-\000\040\000L\000i\000b\000r\000o\000\040\000S\0008\0001\000\040\000y\000\040\000S\0008\0002}{section.3}% 84
\BOOKMARK [2][-]{subsection.3.5}{\376\377\0002\0000\0002\0005\0000\0004\0002\0005\000\040\000-\000\040\000S\000e\000s\000i\000\363\000n\000\040\0007\0003\000\040\000-\000\040\000L\000i\000b\000r\000o\000\040\000S\0008\0003\000\040\000y\000\040\000S\0008\0004}{section.3}% 85
\BOOKMARK [2][-]{subsection.3.6}{\376\377\0002\0000\0002\0005\0000\0004\0003\0000\000\040\000-\000\040\000S\000e\000s\000i\000\363\000n\000\040\0007\0004\000\040\000-\000\040\000L\000i\000b\000r\000o\000\040\000S\0008\0005\000\040\000y\000\040\000S\0008\0006}{section.3}% 86
\BOOKMARK [2][-]{subsection.3.7}{\376\377\0002\0000\0002\0005\0000\0004\0000\0007\000\040\000-\000\040\000S\000e\000s\000i\000\363\000n\000\040\0007\0005\000\040\000-\000\040\000L\000i\000b\000r\000o\000\040\000S\0008\0007}{section.3}% 87
\BOOKMARK [2][-]{subsection.3.8}{\376\377\0002\0000\0002\0005\0000\0004\0000\0008\000\040\000-\000\040\000S\000e\000s\000i\000\363\000n\000\040\0007\0006\000\040\000-\000\040\000L\000i\000b\000r\000o\000\040\000S\0008\0008}{section.3}% 88
\BOOKMARK [2][-]{subsection.3.9}{\376\377\0002\0000\0002\0005\0000\0005\0000\0009\000\040\000-\000\040\000P\000r\000u\000e\000b\000a\000\040\000e\000s\000c\000r\000i\000t\000a}{section.3}% 89
\BOOKMARK [2][-]{subsection.3.10}{\376\377\0002\0000\0002\0005\0000\0005\0001\0004\000\040\000-\000\040\000S\000e\000s\000i\000\363\000n\000\040\0007\0007\000\040\000-\000\040\000L\000i\000b\000r\000o\000\040\000S\0008\0009\000\040\000y\000\040\000S\0009\0000}{section.3}% 90
\BOOKMARK [2][-]{subsection.3.11}{\376\377\0002\0000\0002\0005\0000\0005\0001\0005\000\040\000-\000\040\000S\000e\000s\000i\000\363\000n\000\040\0007\0008\000\040\000-\000\040\000L\000i\000b\000r\000o\000\040\000S\0009\0001\000\040\000y\000\040\000S\0009\0002}{section.3}% 91
\BOOKMARK [2][-]{subsection.3.12}{\376\377\0002\0000\0002\0005\0000\0005\0001\0006\000\040\000-\000\040\000S\000e\000s\000i\000\363\000n\000\040\0007\0009\000\040\000-\000\040\000L\000i\000b\000r\000o\000\040\000S\0009\0003\000\040\000y\000\040\000S\0009\0004}{section.3}% 92
\BOOKMARK [2][-]{subsection.3.13}{\376\377\0002\0000\0002\0005\0000\0005\0002\0001\000\040\000-\000\040\000S\000e\000s\000i\000\363\000n\000\040\0008\0000\000\040\000-\000\040\000L\000i\000b\000r\000o\000\040\000S\0009\0005\000\040\000y\000\040\000S\0009\0006}{section.3}% 93
\BOOKMARK [2][-]{subsection.3.14}{\376\377\0002\0000\0002\0005\0000\0005\0002\0002\000\040\000-\000\040\000S\000e\000s\000i\000\363\000n\000\040\0008\0001\000\040\000-\000\040\000L\000i\000b\000r\000o\000\040\000S\0009\0007\000\040\000y\000\040\000S\0009\0008}{section.3}% 94
\BOOKMARK [2][-]{subsection.3.15}{\376\377\0002\0000\0002\0005\0000\0005\0002\0003\000\040\000-\000\040\000S\000e\000s\000i\000\363\000n\000\040\0008\0002\000\040\000-\000\040\000L\000i\000b\000r\000o\000\040\000S\0009\0009\000\040\000y\000\040\000S\0001\0000\0000}{section.3}% 95
\BOOKMARK [2][-]{subsection.3.16}{\376\377\0002\0000\0002\0005\0000\0005\0003\0000\000\040\000-\000\040\000P\000r\000u\000e\000b\000a\000\040\000e\000s\000c\000r\000i\000t\000a}{section.3}% 96
